<?xml version="1.0" encoding="UTF-8"?>
<!-- Generated by org.testng.reporters.JUnitReportReporter -->
<testsuite hostname="DESKTOP-RFAFR3C" failures="0" tests="1" name="testScripts.Scenario" time="57.515" errors="0" timestamp="2022-06-06T18:11:30 IST" skipped="0">
  <testcase classname="testScripts.Scenario" name="validateitem" time="57.515"/>
  <system-out/>
</testsuite> <!-- testScripts.Scenario -->
